<?xml version="1.0" encoding="UTF-8"?>
<testng-results ignored="0" total="1" passed="1" failed="0" skipped="0">
  <reporter-output>
  </reporter-output>
  <suite started-at="2022-08-16T10:30:20 IST" name="Default suite" finished-at="2022-08-16T10:30:47 IST" duration-ms="26435">
    <groups>
    </groups>
    <test started-at="2022-08-16T10:30:20 IST" name="Default test" finished-at="2022-08-16T10:30:47 IST" duration-ms="26435">
      <class name="testcases.AddToCart">
        <test-method is-config="true" signature="loadConfig()[pri:0, instance:testcases.AddToCart@28f2a10f]" started-at="2022-08-16T10:30:20 IST" name="loadConfig" finished-at="2022-08-16T10:30:20 IST" duration-ms="11" status="PASS">
          <reporter-output>
          </reporter-output>
        </test-method> <!-- loadConfig -->
        <test-method is-config="true" signature="setup()[pri:0, instance:testcases.AddToCart@28f2a10f]" started-at="2022-08-16T10:30:20 IST" name="setup" finished-at="2022-08-16T10:30:31 IST" duration-ms="10715" status="PASS">
          <reporter-output>
          </reporter-output>
        </test-method> <!-- setup -->
        <test-method signature="addToCartTest()[pri:0, instance:testcases.AddToCart@28f2a10f]" started-at="2022-08-16T10:30:31 IST" name="addToCartTest" finished-at="2022-08-16T10:30:46 IST" duration-ms="15465" status="PASS">
          <reporter-output>
          </reporter-output>
        </test-method> <!-- addToCartTest -->
        <test-method is-config="true" signature="tearDown()[pri:0, instance:testcases.AddToCart@28f2a10f]" started-at="2022-08-16T10:30:46 IST" name="tearDown" finished-at="2022-08-16T10:30:47 IST" duration-ms="213" status="PASS">
          <reporter-output>
          </reporter-output>
        </test-method> <!-- tearDown -->
      </class> <!-- testcases.AddToCart -->
    </test> <!-- Default test -->
  </suite> <!-- Default suite -->
</testng-results>
